<?xml version="1.0" encoding="UTF-8"?>
<!-- Generated by org.testng.reporters.JUnitReportReporter -->
<testsuite hostname="LAPTOP-SUEV1337" failures="0" tests="1" name="testcases.CarLoanTest" time="0.001" errors="0" timestamp="23 Apr 2023 09:12:07 GMT" skipped="0">
  <testcase classname="testcases.CarLoanTest" name="test3" time="0.001"/>
</testsuite> <!-- testcases.CarLoanTest -->
