<?xml version="1.0" encoding="UTF-8"?>
<!-- Generated by org.testng.reporters.JUnitReportReporter -->
<testsuite hostname="LAPTOP-SUEV1337" failures="0" tests="1" name="testcases.CreditCardTest" time="0.000" errors="0" timestamp="23 Apr 2023 10:14:25 GMT" skipped="0">
  <testcase classname="testcases.CreditCardTest" name="test4" time="0.000"/>
</testsuite> <!-- testcases.CreditCardTest -->
