<?xml version="1.0" encoding="UTF-8"?>
<!-- Generated by org.testng.reporters.JUnitReportReporter -->
<testsuite hostname="LAPTOP-SUEV1337" failures="0" tests="1" name="testcases.HomeLoanTest" time="0.003" errors="0" timestamp="23 Apr 2023 10:14:25 GMT" skipped="0">
  <testcase classname="testcases.HomeLoanTest" name="test2" time="0.003"/>
</testsuite> <!-- testcases.HomeLoanTest -->
