<?xml version="1.0" encoding="UTF-8"?>
<!-- Generated by org.testng.reporters.JUnitReportReporter -->
<testsuite skipped="0" hostname="LAPTOP-SUEV1337" name="testcases.CreditCardTest" tests="1" failures="0" timestamp="30 Apr 2023 07:26:38 GMT" time="0.001" errors="0">
  <testcase name="test4" time="0.001" classname="testcases.CreditCardTest"/>
</testsuite> <!-- testcases.CreditCardTest -->
